(28, -1)
(0, (5, 0))
(27, -1)
(0, (4, 0))
(25, -1)
(35, -1)
(22, -1)
(0, (5, 0))
(23, -1)
(25, -1)
(35, -1)
(22, -1)
(0, (4, 0))
(23, -1)
(25, -1)
(28, -1)
(0, (9, 0))
(27, -1)
(0, (9, 1))
(25, -1)
(0, (9, 0))
(16, -1)
(0, (5, 0))
(25, -1)
(0, (9, 1))
(16, -1)
(0, (4, 0))
(25, -1)
(34, -1)
(22, -1)
(0, (5, 0))
(15, -1)
(0, (4, 0))
(23, -1)
(18, -1)
(31, -1)
(22, -1)
(0, (5, 0))
(11, -1)
(0, (4, 0))
(23, -1)
(18, -1)
(0, (5, 0))
(16, -1)
(0, (5, 0))
(4, -1)
(0, (4, 0))
(25, -1)
(19, -1)
(33, -1)
(18, -1)
(0, (4, 0))
(16, -1)
(0, (4, 0))
(4, -1)
(0, (5, 0))
(25, -1)
(19, -1)
(19, -1)
(36, -1)
(22, -1)
(1, (12, 0))
(3, -1)
(0, (9, 0))
(3, -1)
(1, (1, 0))
(3, -1)
(0, (9, 1))
(3, -1)
(1, (19, 0))
(3, -1)
(0, (5, 0))
(23, -1)
(25, -1)
